FieldsMetadata{
    keyFieldNames=[],
    nonKeyFieldNames=[
        params,
        payload,
        etl_id,
        etl_id_ts,
        etl_id_partition,
        run_ts
    ], 
    allFields={
        params=SinkRecordField{
            schema=Schema{STRING}, 
            name='params', 
            isPrimaryKey=false
        }, 
        payload=SinkRecordField{
            schema=Schema{STRING}, 
            name='payload', 
            isPrimaryKey=false
        }, 
        etl_id=SinkRecordField{
            schema=Schema{STRING}, 
            name='etl_id', 
            isPrimaryKey=false
        }, 
        etl_id_ts=SinkRecordField{
            schema=Schema{STRING}, 
            name='etl_id_ts', 
            isPrimaryKey=false
        }, 
        etl_id_partition=SinkRecordField{
            schema=Schema{INT64}, 
            name='etl_id_partition', 
            isPrimaryKey=false
        }, 
        run_ts=SinkRecordField{
            schema=Schema{STRING}, 
            name='run_ts', 
            isPrimaryKey=false
        }
    }
}